<?xml version="1.0" encoding="UTF-8"?>
<!-- Generated by org.testng.reporters.JUnitReportReporter -->
<testsuite skipped="0" hostname="L-005446" name="test.Login" tests="3" failures="0" timestamp="8 Aug 2016 07:32:05 GMT" time="22.744" errors="0">
  <testcase name="wrongusername" time="6.886" classname="test.Login"/>
  <testcase name="f" time="8.228" classname="test.Login"/>
  <testcase name="WrongPassword" time="7.630" classname="test.Login"/>
</testsuite> <!-- test.Login -->
