<?xml version="1.0" encoding="UTF-8"?>
<!-- Generated by org.testng.reporters.JUnitReportReporter -->
<testsuite skipped="0" hostname="L-005446" name="test1.DomaciTest" tests="2" failures="0" timestamp="12 Aug 2016 14:39:41 GMT" time="0.525" errors="0">
  <testcase name="f" time="0.071" classname="test1.DomaciTest"/>
  <testcase name="f1" time="0.454" classname="test1.DomaciTest"/>
</testsuite> <!-- test1.DomaciTest -->
