<?xml version="1.0" encoding="UTF-8"?>
<!-- Generated by org.testng.reporters.JUnitReportReporter -->
<testsuite skipped="0" hostname="L-005446" name="test.Test1" tests="1" failures="0" timestamp="4 Aug 2016 14:25:12 GMT" time="12.337" errors="0">
  <testcase name="f" time="12.337" classname="test.Test1"/>
</testsuite> <!-- test.Test1 -->
