<?xml version="1.0" encoding="UTF-8"?>
<!-- Generated by org.testng.reporters.JUnitReportReporter -->
<testsuite skipped="1" hostname="L-005446" name="test.cdd.CheckLoginFunctionality" tests="1" failures="0" timestamp="9 Aug 2016 12:54:42 GMT" time="0.001" errors="0">
  <testcase name="f" time="0.001" classname="test.cdd.CheckLoginFunctionality">
    <skipped/>
  </testcase> <!-- f -->
</testsuite> <!-- test.cdd.CheckLoginFunctionality -->
