<?xml version="1.0" encoding="UTF-8"?>
<!-- Generated by org.testng.reporters.JUnitReportReporter -->
<testsuite skipped="0" hostname="L-005446" name="test.cdd.CheckBoxFunctionality" tests="1" failures="0" timestamp="9 Aug 2016 14:44:40 GMT" time="55.738" errors="0">
  <testcase name="login" time="55.738" classname="test.cdd.CheckBoxFunctionality"/>
</testsuite> <!-- test.cdd.CheckBoxFunctionality -->
